<?xml version="1.0" encoding="UTF-8"?>
<beans xmlns="http://www.springframework.org/schema/beans"
	xmlns:xsi="http://www.w3.org/2001/XMLSchema-instance" xmlns:aop="http://www.springframework.org/schema/aop"
	xmlns:p="http://www.springframework.org/schema/p" xmlns:tx="http://www.springframework.org/schema/tx"
	xsi:schemaLocation="http://www.springframework.org/schema/beans http://www.springframework.org/schema/beans/spring-beans-3.0.xsd
           http://www.springframework.org/schema/aop http://www.springframework.org/schema/aop/spring-aop-3.0.xsd
           http://www.springframework.org/schema/tx http://www.springframework.org/schema/tx/spring-tx-3.0.xsd">

	<!-- 导航的hibernate事务管理器 -->
	<bean id="testTransactionManager"
		class="org.springframework.orm.hibernate4.HibernateTransactionManager">
		<property name="sessionFactory" ref="testSessionFactory" />
	</bean>

	<!-- 导航事务通知 -->
	<tx:advice id="testTxAdvice" transaction-manager="testTransactionManager">
		<!-- 定义方法的过滤规则 -->
		<tx:attributes>
			<!-- 所有方法都使用事务 -->
			<tx:method name="*" propagation="REQUIRED" rollback-for="Exception" />
			<!-- 以下关键字开头的方法都是只读的 -->
			<tx:method name="get*" propagation="SUPPORTS" read-only="true" />
			<tx:method name="pagedSearch*" propagation="SUPPORTS"
				read-only="true" />
			<tx:method name="search*" propagation="SUPPORTS" read-only="true" />
<!-- 			<tx:method name="query*" propagation="SUPPORTS" read-only="true" /> -->
			<tx:method name="find*" propagation="SUPPORTS" read-only="true" />
			<tx:method name="list*" propagation="SUPPORTS" read-only="true" />
			<tx:method name="is*" propagation="SUPPORTS" read-only="true" />

			<!-- 以下关键字开头的方法都是REQUIRED的 -->
			<tx:method name="modify*" propagation="REQUIRED"
				rollback-for="Exception" />
			<tx:method name="update*" propagation="REQUIRED"
				rollback-for="Exception" />
			<tx:method name="del*" propagation="REQUIRED" rollback-for="Exception" />
			<tx:method name="save*" propagation="REQUIRED"
				rollback-for="Exception" />
			<tx:method name="add*" propagation="REQUIRED"
				rollback-for="Exception" />
			<tx:method name="merge*" propagation="REQUIRED"
				rollback-for="Exception" />

			<tx:method name="alive" propagation="NOT_SUPPORTED"
				rollback-for="Exception" />


		</tx:attributes>
	</tx:advice>


	<!-- 导航AOP配置 -->
	<!-- <aop:config> -->
	<aop:config>
		<aop:pointcut
			expression="execution(* com.hao.test.services..*ServiceImpl.*(..))"
			id="testServicesCut" />
<!-- 		对切入点和事务的通知，进行适配 -->
		<aop:advisor advice-ref="testTxAdvice"
			pointcut-ref="testServicesCut" />
	</aop:config>

	<!-- 测试dao层 -->
<!-- 	<aop:config> -->
<!-- 	<aop:pointcut expression="execution(* com.hao.test.dao..*DaoImpl.*(..))" -->
<!-- 	id="testDaoCut" /> -->
<!-- 	对切入点和事务的通知，进行适配 -->
<!-- 	<aop:advisor advice-ref="testTxAdvice" -->
<!-- 	pointcut-ref="testDaoCut" /> -->
<!-- 	</aop:config> -->

</beans>
